\BOOKMARK [1][-]{section.0}{Introduction}{}% 1
\BOOKMARK [1][-]{section.1}{Recap on Feed Forward Networks}{}% 2
\BOOKMARK [2][-]{subsection.1.1}{Dense Layer}{section.1}% 3
\BOOKMARK [2][-]{subsection.1.2}{Convolution Layers and Pooling Layers}{section.1}% 4
\BOOKMARK [1][-]{section.2}{Generative Adversarial Networks}{}% 5
\BOOKMARK [2][-]{subsection.2.1}{Defining a GAN}{section.2}% 6
\BOOKMARK [3][-]{subsubsection.2.1.1}{Training a GAN}{subsection.2.1}% 7
\BOOKMARK [3][-]{subsubsection.2.1.2}{Other Objectives for G}{subsection.2.1}% 8
\BOOKMARK [3][-]{subsubsection.2.1.3}{Advantages over other generative models}{subsection.2.1}% 9
\BOOKMARK [2][-]{subsection.2.2}{Basic theoretical results}{section.2}% 10
\BOOKMARK [3][-]{subsubsection.2.2.1}{Optimal solution for D and G}{subsection.2.2}% 11
\BOOKMARK [3][-]{subsubsection.2.2.2}{Convergence for Minimax GAN}{subsection.2.2}% 12
\BOOKMARK [3][-]{subsubsection.2.2.3}{Objective for MLE GAN}{subsection.2.2}% 13
\BOOKMARK [1][-]{section.3}{Limitations of the Basic Results}{}% 14
\BOOKMARK [2][-]{subsection.3.1}{Finite Training Data and Generalisation Theory}{section.3}% 15
\BOOKMARK [2][-]{subsection.3.2}{Limited Capacity and Neural Net Distance}{section.3}% 16
\BOOKMARK [1][-]{section.4}{Implementation}{}% 17
\BOOKMARK [2][-]{subsection.4.1}{Toy Examples with Exponential and Normal Distributions}{section.4}% 18
\BOOKMARK [2][-]{subsection.4.2}{MNIST DCGAN}{section.4}% 19
\BOOKMARK [1][-]{section.5}{Training Tips and Debugging}{}% 20
\BOOKMARK [2][-]{subsection.5.1}{Heuristic Tips When Training}{section.5}% 21
\BOOKMARK [2][-]{subsection.5.2}{Common Failure Modes}{section.5}% 22
\BOOKMARK [3][-]{subsubsection.5.2.1}{Heuristic Methods for Detecting Failure}{subsection.5.2}% 23
\BOOKMARK [2][-]{subsection.5.3}{Birthday Paradox Test}{section.5}% 24
\BOOKMARK [1][-]{section.6}{Why Does the Generator Win?}{}% 25
\BOOKMARK [2][-]{subsection.6.1}{Useful Definitions in Game Theory}{section.6}% 26
\BOOKMARK [2][-]{subsection.6.2}{Equilibrium for a Mixture of Generators and Discriminators}{section.6}% 27
\BOOKMARK [2][-]{subsection.6.3}{Equilibrium with a single Neural Net}{section.6}% 28
\BOOKMARK [1][-]{section.7}{Appendix}{}% 29
\BOOKMARK [1][-]{section.8}{Appendix}{}% 30
\BOOKMARK [2][-]{subsection.8.1}{Code}{section.8}% 31
\BOOKMARK [2][-]{subsection.8.2}{Acknowledgements}{section.8}% 32
\BOOKMARK [2][-]{subsection.8.3}{References}{section.8}% 33
